INFO     2020-06-30 01:32:00,940: User requested all images 	[in /Users/veritaris/Documents/Work/AppVelox/Resizer.py:185]
INFO     2020-06-30 01:32:00,959: User requested all images 	[in /Users/veritaris/Documents/Work/AppVelox/Resizer.py:185]
INFO     2020-06-30 01:32:00,971: User requested all images 	[in /Users/veritaris/Documents/Work/AppVelox/Resizer.py:185]
WARNING  2020-06-30 01:32:00,980: User tried to upload file, but didn't provide a file. 	[in /Users/veritaris/Documents/Work/AppVelox/Resizer.py:61]
INFO     2020-06-30 01:32:46,259: User requested all images 	[in /Users/veritaris/Documents/Work/AppVelox/Resizer.py:185]
INFO     2020-06-30 01:32:46,271: User requested all images 	[in /Users/veritaris/Documents/Work/AppVelox/Resizer.py:185]
INFO     2020-06-30 01:32:46,281: User requested all images 	[in /Users/veritaris/Documents/Work/AppVelox/Resizer.py:185]
WARNING  2020-06-30 01:32:46,291: User tried to upload file, but didn't provide a file. 	[in /Users/veritaris/Documents/Work/AppVelox/Resizer.py:61]
INFO     2020-06-30 01:32:52,257: User requested all images 	[in /Users/veritaris/Documents/Work/AppVelox/Resizer.py:185]
INFO     2020-06-30 01:32:52,271: User requested all images 	[in /Users/veritaris/Documents/Work/AppVelox/Resizer.py:185]
INFO     2020-06-30 01:32:52,282: User requested all images 	[in /Users/veritaris/Documents/Work/AppVelox/Resizer.py:185]
WARNING  2020-06-30 01:32:52,291: User tried to upload file, but didn't provide a file. 	[in /Users/veritaris/Documents/Work/AppVelox/Resizer.py:61]
INFO     2020-06-30 01:33:43,626: User requested all images 	[in /Users/veritaris/Documents/Work/AppVelox/Resizer.py:185]
INFO     2020-06-30 01:33:43,638: User requested all images 	[in /Users/veritaris/Documents/Work/AppVelox/Resizer.py:185]
INFO     2020-06-30 01:33:43,648: User requested all images 	[in /Users/veritaris/Documents/Work/AppVelox/Resizer.py:185]
WARNING  2020-06-30 01:33:43,658: User tried to upload file, but didn't provide a file. 	[in /Users/veritaris/Documents/Work/AppVelox/Resizer.py:61]
INFO     2020-06-30 01:34:05,159: User requested all images 	[in /Users/veritaris/Documents/Work/AppVelox/Resizer.py:185]
INFO     2020-06-30 01:34:05,171: User requested all images 	[in /Users/veritaris/Documents/Work/AppVelox/Resizer.py:185]
INFO     2020-06-30 01:34:05,183: User requested all images 	[in /Users/veritaris/Documents/Work/AppVelox/Resizer.py:185]
WARNING  2020-06-30 01:34:05,192: User tried to upload file, but didn't provide a file. 	[in /Users/veritaris/Documents/Work/AppVelox/Resizer.py:61]
INFO     2020-06-30 01:34:25,068: User requested all images 	[in /Users/veritaris/Documents/Work/AppVelox/Resizer.py:185]
INFO     2020-06-30 01:34:25,081: User requested all images 	[in /Users/veritaris/Documents/Work/AppVelox/Resizer.py:185]
INFO     2020-06-30 01:34:25,092: User requested all images 	[in /Users/veritaris/Documents/Work/AppVelox/Resizer.py:185]
WARNING  2020-06-30 01:34:25,101: User tried to upload file, but didn't provide a file. 	[in /Users/veritaris/Documents/Work/AppVelox/Resizer.py:61]
WARNING  2020-06-30 01:35:01,910: User tried to upload file, but didn't provide a file. 	[in /Users/veritaris/Documents/Work/AppVelox/Resizer.py:61]
INFO     2020-06-30 01:43:35,815: User requested all images 	[in /Users/veritaris/Documents/Work/AppVelox/Resizer.py:185]
INFO     2020-06-30 01:43:35,826: User requested all images 	[in /Users/veritaris/Documents/Work/AppVelox/Resizer.py:185]
INFO     2020-06-30 01:43:35,837: User requested all images 	[in /Users/veritaris/Documents/Work/AppVelox/Resizer.py:185]
INFO     2020-06-30 01:43:47,852: User requested all images 	[in /Users/veritaris/Documents/Work/AppVelox/Resizer.py:185]
INFO     2020-06-30 01:43:47,864: User requested all images 	[in /Users/veritaris/Documents/Work/AppVelox/Resizer.py:185]
INFO     2020-06-30 01:43:47,875: User requested all images 	[in /Users/veritaris/Documents/Work/AppVelox/Resizer.py:185]
INFO     2020-06-30 01:47:30,971: User requested all images 	[in /Users/veritaris/Documents/Work/AppVelox/Resizer.py:185]
INFO     2020-06-30 01:47:30,982: User requested all images 	[in /Users/veritaris/Documents/Work/AppVelox/Resizer.py:185]
INFO     2020-06-30 01:47:30,995: User requested all images 	[in /Users/veritaris/Documents/Work/AppVelox/Resizer.py:185]
INFO     2020-06-30 01:47:50,938: User requested all images 	[in /Users/veritaris/Documents/Work/AppVelox/Resizer.py:185]
INFO     2020-06-30 01:47:50,950: User requested all images 	[in /Users/veritaris/Documents/Work/AppVelox/Resizer.py:185]
INFO     2020-06-30 01:47:50,960: User requested all images 	[in /Users/veritaris/Documents/Work/AppVelox/Resizer.py:185]
INFO     2020-06-30 01:49:06,303: User requested all images 	[in /Users/veritaris/Documents/Work/AppVelox/Resizer.py:185]
INFO     2020-06-30 01:49:06,315: User requested all images 	[in /Users/veritaris/Documents/Work/AppVelox/Resizer.py:185]
INFO     2020-06-30 01:49:06,325: User requested all images 	[in /Users/veritaris/Documents/Work/AppVelox/Resizer.py:185]
WARNING  2020-06-30 01:49:06,333: User tried to upload file, but didn't provide a file. 	[in /Users/veritaris/Documents/Work/AppVelox/Resizer.py:61]
INFO     2020-06-30 01:49:31,776: User requested all images 	[in /Users/veritaris/Documents/Work/AppVelox/Resizer.py:185]
INFO     2020-06-30 01:49:31,788: User requested all images 	[in /Users/veritaris/Documents/Work/AppVelox/Resizer.py:185]
INFO     2020-06-30 01:49:31,799: User requested all images 	[in /Users/veritaris/Documents/Work/AppVelox/Resizer.py:185]
INFO     2020-06-30 01:49:38,589: User requested all images 	[in /Users/veritaris/Documents/Work/AppVelox/Resizer.py:185]
INFO     2020-06-30 01:49:38,603: User requested all images 	[in /Users/veritaris/Documents/Work/AppVelox/Resizer.py:185]
INFO     2020-06-30 01:49:38,615: User requested all images 	[in /Users/veritaris/Documents/Work/AppVelox/Resizer.py:185]
INFO     2020-06-30 01:49:46,311: User requested all images 	[in /Users/veritaris/Documents/Work/AppVelox/Resizer.py:185]
INFO     2020-06-30 01:49:46,322: User requested all images 	[in /Users/veritaris/Documents/Work/AppVelox/Resizer.py:185]
INFO     2020-06-30 01:49:46,334: User requested all images 	[in /Users/veritaris/Documents/Work/AppVelox/Resizer.py:185]
WARNING  2020-06-30 01:49:46,344: User tried to upload file, but didn't provide a file. 	[in /Users/veritaris/Documents/Work/AppVelox/Resizer.py:61]
INFO     2020-06-30 01:52:36,391: User requested all images 	[in /Users/veritaris/Documents/Work/AppVelox/Resizer.py:185]
INFO     2020-06-30 01:52:36,404: User requested all images 	[in /Users/veritaris/Documents/Work/AppVelox/Resizer.py:185]
INFO     2020-06-30 01:52:36,416: User requested all images 	[in /Users/veritaris/Documents/Work/AppVelox/Resizer.py:185]
INFO     2020-06-30 01:52:36,431: Uploaded file cb67203ebb8746238c295ee929121757.png 	[in /Users/veritaris/Documents/Work/AppVelox/Resizer.py:135]
INFO     2020-06-30 01:53:22,594: User requested all images 	[in /Users/veritaris/Documents/Work/AppVelox/Resizer.py:185]
INFO     2020-06-30 01:53:22,606: User requested all images 	[in /Users/veritaris/Documents/Work/AppVelox/Resizer.py:185]
INFO     2020-06-30 01:53:22,616: User requested all images 	[in /Users/veritaris/Documents/Work/AppVelox/Resizer.py:185]
INFO     2020-06-30 01:53:22,627: Uploaded file 8c12b491afe948258619717d15662e0f.png 	[in /Users/veritaris/Documents/Work/AppVelox/Resizer.py:135]
INFO     2020-06-30 01:53:52,123: User requested all images 	[in /Users/veritaris/Documents/Work/AppVelox/Resizer.py:185]
INFO     2020-06-30 01:53:52,134: User requested all images 	[in /Users/veritaris/Documents/Work/AppVelox/Resizer.py:185]
INFO     2020-06-30 01:53:52,145: User requested all images 	[in /Users/veritaris/Documents/Work/AppVelox/Resizer.py:185]
INFO     2020-06-30 01:53:52,155: Uploaded file ef5ae4a7ae804e8196e162136cdca54e.jpg 	[in /Users/veritaris/Documents/Work/AppVelox/Resizer.py:135]
INFO     2020-06-30 01:58:15,361: User requested all images 	[in /Users/veritaris/Documents/Work/AppVelox/Resizer.py:185]
INFO     2020-06-30 01:58:15,373: User requested all images 	[in /Users/veritaris/Documents/Work/AppVelox/Resizer.py:185]
INFO     2020-06-30 01:58:15,384: User requested all images 	[in /Users/veritaris/Documents/Work/AppVelox/Resizer.py:185]
INFO     2020-06-30 01:58:15,394: Uploaded file ba1ac304e1e54b7c846f9201525207af.jpg 	[in /Users/veritaris/Documents/Work/AppVelox/Resizer.py:135]
INFO     2020-06-30 01:58:27,638: User requested all images 	[in /Users/veritaris/Documents/Work/AppVelox/Resizer.py:185]
INFO     2020-06-30 01:58:27,650: User requested all images 	[in /Users/veritaris/Documents/Work/AppVelox/Resizer.py:185]
INFO     2020-06-30 01:58:27,662: User requested all images 	[in /Users/veritaris/Documents/Work/AppVelox/Resizer.py:185]
INFO     2020-06-30 01:58:27,671: Uploaded file 3fb0946cfe454fc7b622ec8173b4706d.jpg 	[in /Users/veritaris/Documents/Work/AppVelox/Resizer.py:135]
INFO     2020-06-30 02:02:20,822: User deleted image with id 22 	[in /Users/veritaris/Documents/Work/AppVelox/Resizer.py:219]
INFO     2020-06-30 02:02:20,829: User requested all images 	[in /Users/veritaris/Documents/Work/AppVelox/Resizer.py:185]
WARNING  2020-06-30 02:02:20,841: User requested file with id 186, but it does not exists. 	[in /Users/veritaris/Documents/Work/AppVelox/Resizer.py:181]
INFO     2020-06-30 02:02:20,844: Uploaded file f733c0bde23141a5bb6e6870af28868a.jpg 	[in /Users/veritaris/Documents/Work/AppVelox/Resizer.py:135]
INFO     2020-06-30 02:02:48,024: User deleted image with id 12 	[in /Users/veritaris/Documents/Work/AppVelox/Resizer.py:219]
INFO     2020-06-30 02:02:48,030: User requested all images 	[in /Users/veritaris/Documents/Work/AppVelox/Resizer.py:185]
INFO     2020-06-30 02:02:48,040: User requested file 4f241156c6514c679d5c1142edd19732_7683x9781.jpg 	[in /Users/veritaris/Documents/Work/AppVelox/Resizer.py:178]
WARNING  2020-06-30 02:02:48,043: User tried to upload file, but provided not allowed width 	[in /Users/veritaris/Documents/Work/AppVelox/Resizer.py:73]
INFO     2020-06-30 02:02:56,677: User deleted image with id 60 	[in /Users/veritaris/Documents/Work/AppVelox/Resizer.py:219]
INFO     2020-06-30 02:02:56,684: User requested all images 	[in /Users/veritaris/Documents/Work/AppVelox/Resizer.py:185]
INFO     2020-06-30 02:02:56,695: User requested file 4cb7ebf185a2425b9acf5fa41b6b2b7b_848x9313.jpg 	[in /Users/veritaris/Documents/Work/AppVelox/Resizer.py:178]
INFO     2020-06-30 02:02:56,698: Uploaded file 85e900b0c47c43cc8606546d4f34a55b.jpg 	[in /Users/veritaris/Documents/Work/AppVelox/Resizer.py:135]
INFO     2020-06-30 02:03:00,481: User deleted image with id 24 	[in /Users/veritaris/Documents/Work/AppVelox/Resizer.py:219]
INFO     2020-06-30 02:03:00,488: User requested all images 	[in /Users/veritaris/Documents/Work/AppVelox/Resizer.py:185]
INFO     2020-06-30 02:03:00,498: User requested file 5dff3703dc354f46b4c7f47477f1044d_199x4622.jpg 	[in /Users/veritaris/Documents/Work/AppVelox/Resizer.py:178]
WARNING  2020-06-30 02:03:00,500: User tried to upload file, but provided not allowed width 	[in /Users/veritaris/Documents/Work/AppVelox/Resizer.py:73]
INFO     2020-06-30 02:03:03,658: User deleted image with id 32 	[in /Users/veritaris/Documents/Work/AppVelox/Resizer.py:219]
INFO     2020-06-30 02:03:03,666: User requested all images 	[in /Users/veritaris/Documents/Work/AppVelox/Resizer.py:185]
INFO     2020-06-30 02:03:03,675: User requested file 55027f78eded4023b668c582113a7719_8102x3237.jpg 	[in /Users/veritaris/Documents/Work/AppVelox/Resizer.py:178]
INFO     2020-06-30 02:03:03,678: Uploaded file 7056e16656c04d54aa7386ec0afa70d1.jpg 	[in /Users/veritaris/Documents/Work/AppVelox/Resizer.py:135]
INFO     2020-06-30 02:03:05,942: User deleted image with id 11 	[in /Users/veritaris/Documents/Work/AppVelox/Resizer.py:219]
INFO     2020-06-30 02:03:05,949: User requested all images 	[in /Users/veritaris/Documents/Work/AppVelox/Resizer.py:185]
INFO     2020-06-30 02:03:05,959: User requested file 663ad1dc11e443d392725aaaf8654b78_2854x7285.jpg 	[in /Users/veritaris/Documents/Work/AppVelox/Resizer.py:178]
INFO     2020-06-30 02:03:05,961: Uploaded file b6ea8f72fa664b6ca29ffc98e442d7b1.jpg 	[in /Users/veritaris/Documents/Work/AppVelox/Resizer.py:135]
INFO     2020-06-30 02:03:09,875: User deleted image with id 1 	[in /Users/veritaris/Documents/Work/AppVelox/Resizer.py:219]
INFO     2020-06-30 02:03:09,882: User requested all images 	[in /Users/veritaris/Documents/Work/AppVelox/Resizer.py:185]
INFO     2020-06-30 02:03:09,890: User requested file 4cb7ebf185a2425b9acf5fa41b6b2b7b_848x9313.jpg 	[in /Users/veritaris/Documents/Work/AppVelox/Resizer.py:178]
INFO     2020-06-30 02:03:09,893: Uploaded file 96a5c4a1712841e09496c8bbf2a002c8.jpg 	[in /Users/veritaris/Documents/Work/AppVelox/Resizer.py:135]
INFO     2020-06-30 02:03:11,346: User deleted image with id 70 	[in /Users/veritaris/Documents/Work/AppVelox/Resizer.py:219]
INFO     2020-06-30 02:03:11,353: User requested all images 	[in /Users/veritaris/Documents/Work/AppVelox/Resizer.py:185]
INFO     2020-06-30 02:03:11,386: User requested file 67c1527651d34cef99de09a7a0160daa_6120x6710.jpg 	[in /Users/veritaris/Documents/Work/AppVelox/Resizer.py:178]
INFO     2020-06-30 02:03:11,390: Uploaded file 99aa74a272ba42bd8fb8c74d5274b293.jpg 	[in /Users/veritaris/Documents/Work/AppVelox/Resizer.py:135]
INFO     2020-06-30 02:03:12,815: User deleted image with id 16 	[in /Users/veritaris/Documents/Work/AppVelox/Resizer.py:219]
INFO     2020-06-30 02:03:12,823: User requested all images 	[in /Users/veritaris/Documents/Work/AppVelox/Resizer.py:185]
INFO     2020-06-30 02:03:12,837: User requested file b31271c4603b4954a7db28b8515a4fa3_1641x5755.jpg 	[in /Users/veritaris/Documents/Work/AppVelox/Resizer.py:178]
INFO     2020-06-30 02:03:12,840: Uploaded file 1539d70d2d9c47aa8536c51458b9db9e.jpg 	[in /Users/veritaris/Documents/Work/AppVelox/Resizer.py:135]
INFO     2020-06-30 02:03:14,349: User deleted image with id 26 	[in /Users/veritaris/Documents/Work/AppVelox/Resizer.py:219]
INFO     2020-06-30 02:03:14,357: User requested all images 	[in /Users/veritaris/Documents/Work/AppVelox/Resizer.py:185]
INFO     2020-06-30 02:03:14,368: User requested file def02cc5c7c049bb853cf23ee892b9d2_974x7165.jpg 	[in /Users/veritaris/Documents/Work/AppVelox/Resizer.py:178]
INFO     2020-06-30 02:03:14,376: Uploaded file c58196bf21454273b25da5209b5dfa06.jpg 	[in /Users/veritaris/Documents/Work/AppVelox/Resizer.py:135]
INFO     2020-06-30 02:03:15,792: User deleted image with id 29 	[in /Users/veritaris/Documents/Work/AppVelox/Resizer.py:219]
INFO     2020-06-30 02:03:15,799: User requested all images 	[in /Users/veritaris/Documents/Work/AppVelox/Resizer.py:185]
INFO     2020-06-30 02:03:15,812: User requested all images 	[in /Users/veritaris/Documents/Work/AppVelox/Resizer.py:185]
WARNING  2020-06-30 02:03:15,826: User tried to upload file, but provided not allowed width 	[in /Users/veritaris/Documents/Work/AppVelox/Resizer.py:73]
INFO     2020-06-30 02:03:17,706: User deleted image with id 85 	[in /Users/veritaris/Documents/Work/AppVelox/Resizer.py:219]
INFO     2020-06-30 02:03:17,713: User requested all images 	[in /Users/veritaris/Documents/Work/AppVelox/Resizer.py:185]
INFO     2020-06-30 02:03:17,722: User requested file b151ffadd21345e193086fa1f179b7d7_2852x8422.jpg 	[in /Users/veritaris/Documents/Work/AppVelox/Resizer.py:178]
INFO     2020-06-30 02:03:17,725: Uploaded file 8eacf08cba9c465f94a27f3d49276e04.jpg 	[in /Users/veritaris/Documents/Work/AppVelox/Resizer.py:135]
INFO     2020-06-30 02:03:19,372: User deleted image with id 16 	[in /Users/veritaris/Documents/Work/AppVelox/Resizer.py:219]
INFO     2020-06-30 02:03:19,379: User requested all images 	[in /Users/veritaris/Documents/Work/AppVelox/Resizer.py:185]
INFO     2020-06-30 02:03:19,391: User requested file a19791caef8c4ae192130ce3022bbaa7_2492x330.jpg 	[in /Users/veritaris/Documents/Work/AppVelox/Resizer.py:178]
INFO     2020-06-30 02:03:19,394: Uploaded file 52ee337727be43579ef96027b51e94bd.jpg 	[in /Users/veritaris/Documents/Work/AppVelox/Resizer.py:135]
INFO     2020-06-30 02:03:20,986: User deleted image with id 100 	[in /Users/veritaris/Documents/Work/AppVelox/Resizer.py:219]
INFO     2020-06-30 02:03:20,993: User requested all images 	[in /Users/veritaris/Documents/Work/AppVelox/Resizer.py:185]
INFO     2020-06-30 02:03:21,019: User requested file 725f719da7e54ce291b2d2a8550efa2f_7445x2259.jpg 	[in /Users/veritaris/Documents/Work/AppVelox/Resizer.py:178]
INFO     2020-06-30 02:03:21,029: Uploaded file 5973837ab8c14f6799602524205e7b19.jpg 	[in /Users/veritaris/Documents/Work/AppVelox/Resizer.py:135]
INFO     2020-06-30 02:03:22,605: User deleted image with id 40 	[in /Users/veritaris/Documents/Work/AppVelox/Resizer.py:219]
INFO     2020-06-30 02:03:22,612: User requested all images 	[in /Users/veritaris/Documents/Work/AppVelox/Resizer.py:185]
INFO     2020-06-30 02:03:22,623: User requested file fedda92884074d25819361e674aeaf04_180x4277.jpg 	[in /Users/veritaris/Documents/Work/AppVelox/Resizer.py:178]
INFO     2020-06-30 02:03:22,626: Uploaded file 307d81f33c014172b07a49274129b0bf.jpg 	[in /Users/veritaris/Documents/Work/AppVelox/Resizer.py:135]
INFO     2020-06-30 02:03:24,266: User deleted image with id 87 	[in /Users/veritaris/Documents/Work/AppVelox/Resizer.py:219]
INFO     2020-06-30 02:03:24,274: User requested all images 	[in /Users/veritaris/Documents/Work/AppVelox/Resizer.py:185]
INFO     2020-06-30 02:03:24,286: User requested file 663ad1dc11e443d392725aaaf8654b78_2854x7285.jpg 	[in /Users/veritaris/Documents/Work/AppVelox/Resizer.py:178]
INFO     2020-06-30 02:03:24,289: Uploaded file cd2ba1b9d4e54322bd6650586222c881.jpg 	[in /Users/veritaris/Documents/Work/AppVelox/Resizer.py:135]
INFO     2020-06-30 02:03:25,890: User deleted image with id 65 	[in /Users/veritaris/Documents/Work/AppVelox/Resizer.py:219]
INFO     2020-06-30 02:03:25,897: User requested all images 	[in /Users/veritaris/Documents/Work/AppVelox/Resizer.py:185]
INFO     2020-06-30 02:03:25,915: Uploaded file 98e39947fb704369893de6598ab3feb3.jpg 	[in /Users/veritaris/Documents/Work/AppVelox/Resizer.py:135]
INFO     2020-06-30 02:03:27,570: User deleted image with id 19 	[in /Users/veritaris/Documents/Work/AppVelox/Resizer.py:219]
INFO     2020-06-30 02:03:27,578: User requested all images 	[in /Users/veritaris/Documents/Work/AppVelox/Resizer.py:185]
INFO     2020-06-30 02:03:27,589: User requested file 017416e0625d4623a7300faff76aa842_2218x9070.jpg 	[in /Users/veritaris/Documents/Work/AppVelox/Resizer.py:178]
WARNING  2020-06-30 02:03:27,592: User tried to upload file, but provided not allowed width 	[in /Users/veritaris/Documents/Work/AppVelox/Resizer.py:73]
INFO     2020-06-30 02:07:55,723: User deleted image with id 49 	[in /Users/veritaris/Documents/Work/AppVelox/Resizer.py:219]
INFO     2020-06-30 02:07:55,735: User requested all images 	[in /Users/veritaris/Documents/Work/AppVelox/Resizer.py:185]
INFO     2020-06-30 02:07:55,751: User requested file fff2df7a799c45d0bab40973a87c4a55_3574x4454.jpg 	[in /Users/veritaris/Documents/Work/AppVelox/Resizer.py:178]
INFO     2020-06-30 02:07:55,756: Uploaded file 7ab84e11779344638f8768af71dcdc2f.jpg 	[in /Users/veritaris/Documents/Work/AppVelox/Resizer.py:135]
INFO     2020-06-30 02:09:21,838: User deleted image with id 22 	[in /Users/veritaris/Documents/Work/AppVelox/Resizer.py:219]
INFO     2020-06-30 02:09:21,846: User requested all images 	[in /Users/veritaris/Documents/Work/AppVelox/Resizer.py:185]
INFO     2020-06-30 02:09:21,856: User requested file f74e1b6b82354382bfee3878d2e4c9cc_7883x7681.jpg 	[in /Users/veritaris/Documents/Work/AppVelox/Resizer.py:178]
INFO     2020-06-30 02:09:21,859: Uploaded file 18fdbedd620947de8d0a44d4b1c9aeea.jpg 	[in /Users/veritaris/Documents/Work/AppVelox/Resizer.py:135]
INFO     2020-06-30 02:09:37,025: User deleted image with id 21 	[in /Users/veritaris/Documents/Work/AppVelox/Resizer.py:219]
INFO     2020-06-30 02:09:37,031: User requested all images 	[in /Users/veritaris/Documents/Work/AppVelox/Resizer.py:185]
INFO     2020-06-30 02:09:37,042: User requested file a0079dbcdd2e41e1a09d6cd829d8dece_3804x7660.jpg 	[in /Users/veritaris/Documents/Work/AppVelox/Resizer.py:178]
INFO     2020-06-30 02:09:37,044: Uploaded file 3e4d3656180e4e63bf9118fdaaf0ed04.jpg 	[in /Users/veritaris/Documents/Work/AppVelox/Resizer.py:135]
INFO     2020-06-30 02:09:55,284: User deleted image with id 24 	[in /Users/veritaris/Documents/Work/AppVelox/Resizer.py:219]
INFO     2020-06-30 02:09:55,291: User requested all images 	[in /Users/veritaris/Documents/Work/AppVelox/Resizer.py:185]
INFO     2020-06-30 02:09:55,300: User requested file 1d75b58db8d142ed9f08b109646b35d4_727x1330.jpg 	[in /Users/veritaris/Documents/Work/AppVelox/Resizer.py:178]
WARNING  2020-06-30 02:09:55,303: User tried to upload file, but provided not allowed width 	[in /Users/veritaris/Documents/Work/AppVelox/Resizer.py:73]
INFO     2020-06-30 02:09:59,676: User deleted image with id 86 	[in /Users/veritaris/Documents/Work/AppVelox/Resizer.py:219]
INFO     2020-06-30 02:09:59,683: User requested all images 	[in /Users/veritaris/Documents/Work/AppVelox/Resizer.py:185]
INFO     2020-06-30 02:09:59,694: User requested file 7f18601b1954456ea5505c5dc09430a3_2265x6438.jpg 	[in /Users/veritaris/Documents/Work/AppVelox/Resizer.py:178]
INFO     2020-06-30 02:09:59,697: Uploaded file 5444523fa94e4ed784ad840b80033eae.jpg 	[in /Users/veritaris/Documents/Work/AppVelox/Resizer.py:135]
INFO     2020-06-30 02:10:02,235: User deleted image with id 94 	[in /Users/veritaris/Documents/Work/AppVelox/Resizer.py:219]
INFO     2020-06-30 02:10:02,242: User requested all images 	[in /Users/veritaris/Documents/Work/AppVelox/Resizer.py:185]
INFO     2020-06-30 02:10:02,252: User requested file 4cb7ebf185a2425b9acf5fa41b6b2b7b_848x9313.jpg 	[in /Users/veritaris/Documents/Work/AppVelox/Resizer.py:178]
INFO     2020-06-30 02:10:02,255: Uploaded file 022920ac0a104dd6bfeb3210e302a990.jpg 	[in /Users/veritaris/Documents/Work/AppVelox/Resizer.py:135]
INFO     2020-06-30 02:10:03,809: User deleted image with id 58 	[in /Users/veritaris/Documents/Work/AppVelox/Resizer.py:219]
INFO     2020-06-30 02:10:03,839: User requested all images 	[in /Users/veritaris/Documents/Work/AppVelox/Resizer.py:185]
INFO     2020-06-30 02:10:03,849: User requested file def02cc5c7c049bb853cf23ee892b9d2_974x7165.jpg 	[in /Users/veritaris/Documents/Work/AppVelox/Resizer.py:178]
WARNING  2020-06-30 02:10:03,852: User tried to upload file, but provided not allowed width 	[in /Users/veritaris/Documents/Work/AppVelox/Resizer.py:73]
INFO     2020-06-30 02:10:05,312: User deleted image with id 24 	[in /Users/veritaris/Documents/Work/AppVelox/Resizer.py:219]
INFO     2020-06-30 02:10:05,319: User requested all images 	[in /Users/veritaris/Documents/Work/AppVelox/Resizer.py:185]
INFO     2020-06-30 02:10:05,348: User requested file 3cc6a19e07a8425bad0bcdbc588d36b3_4455x3797.jpg 	[in /Users/veritaris/Documents/Work/AppVelox/Resizer.py:178]
INFO     2020-06-30 02:10:05,351: Uploaded file dc70c4310cf5414ebf7c3661850c508d.jpg 	[in /Users/veritaris/Documents/Work/AppVelox/Resizer.py:135]
INFO     2020-06-30 02:11:40,627: User deleted image with id 39 	[in /Users/veritaris/Documents/Work/AppVelox/Resizer.py:224]
INFO     2020-06-30 02:11:40,634: User requested all images 	[in /Users/veritaris/Documents/Work/AppVelox/Resizer.py:190]
INFO     2020-06-30 02:11:40,645: User requested file ab8c98e1e91a433d8c3acd28d736b1f1_4971x6123.jpg 	[in /Users/veritaris/Documents/Work/AppVelox/Resizer.py:183]
INFO     2020-06-30 02:11:40,648: Uploaded file cac7ddeadbd747afaaa674ada67da0c6.jpg 	[in /Users/veritaris/Documents/Work/AppVelox/Resizer.py:140]
INFO     2020-06-30 02:11:58,227: User deleted image with id 35 	[in /Users/veritaris/Documents/Work/AppVelox/Resizer.py:224]
INFO     2020-06-30 02:11:58,234: User requested all images 	[in /Users/veritaris/Documents/Work/AppVelox/Resizer.py:190]
INFO     2020-06-30 02:11:58,245: User requested file aa31ebdb3ec447d4a9f5dc5bdb2172e1_4052x2450.jpg 	[in /Users/veritaris/Documents/Work/AppVelox/Resizer.py:183]
INFO     2020-06-30 02:11:58,248: Uploaded file DEwdNNDb9tQ.jpg 	[in /Users/veritaris/Documents/Work/AppVelox/Resizer.py:140]
INFO     2020-06-30 02:12:30,627: User deleted image with id 28 	[in /Users/veritaris/Documents/Work/AppVelox/Resizer.py:224]
INFO     2020-06-30 02:12:30,641: User requested all images 	[in /Users/veritaris/Documents/Work/AppVelox/Resizer.py:190]
INFO     2020-06-30 02:12:30,660: User requested file 6b0cddda264e476e82a017ffb6cc14a1_1388x4223.jpg 	[in /Users/veritaris/Documents/Work/AppVelox/Resizer.py:183]
INFO     2020-06-30 02:13:18,458: Uploaded file GMtkAdbrd0U.jpg 	[in /Users/veritaris/Documents/Work/AppVelox/Resizer.py:140]
INFO     2020-06-30 02:14:06,934: User deleted image with id 96 	[in /Users/veritaris/Documents/Work/AppVelox/Resizer.py:224]
INFO     2020-06-30 02:14:06,948: User requested all images 	[in /Users/veritaris/Documents/Work/AppVelox/Resizer.py:190]
INFO     2020-06-30 02:14:06,968: User requested file 12773a7886854faa9e0cc74d6563b216_6259x2017.jpg 	[in /Users/veritaris/Documents/Work/AppVelox/Resizer.py:183]
INFO     2020-06-30 02:14:08,984: Uploaded file PkWk1kMiTPo.jpg 	[in /Users/veritaris/Documents/Work/AppVelox/Resizer.py:140]
INFO     2020-06-30 02:14:35,030: User deleted image with id 57 	[in /Users/veritaris/Documents/Work/AppVelox/Resizer.py:224]
INFO     2020-06-30 02:14:35,045: User requested all images 	[in /Users/veritaris/Documents/Work/AppVelox/Resizer.py:190]
INFO     2020-06-30 02:14:35,065: User requested file 681281469ff64da1a21f49ec1b166d0e_7245x4807.jpg 	[in /Users/veritaris/Documents/Work/AppVelox/Resizer.py:183]
INFO     2020-06-30 02:14:36,143: Uploaded file QyN-R3sQFMM.jpg 	[in /Users/veritaris/Documents/Work/AppVelox/Resizer.py:140]
INFO     2020-06-30 02:16:37,932: User deleted image with id 29 	[in /Users/veritaris/Documents/Work/AppVelox/Resizer.py:224]
INFO     2020-06-30 02:16:37,939: User requested all images 	[in /Users/veritaris/Documents/Work/AppVelox/Resizer.py:190]
INFO     2020-06-30 02:16:37,950: User requested file df4caf0973a3441bb089320d0cd33ae3_3882x8190.jpg 	[in /Users/veritaris/Documents/Work/AppVelox/Resizer.py:183]
INFO     2020-06-30 02:16:37,952: Uploaded file DEwdNNDb9tQ.jpg 	[in /Users/veritaris/Documents/Work/AppVelox/Resizer.py:140]
INFO     2020-06-30 02:16:46,369: User deleted image with id 82 	[in /Users/veritaris/Documents/Work/AppVelox/Resizer.py:224]
INFO     2020-06-30 02:16:46,384: User requested all images 	[in /Users/veritaris/Documents/Work/AppVelox/Resizer.py:190]
INFO     2020-06-30 02:16:46,402: User requested file c6e2d191e5114c2e9c3645af46341e7d_1286x30.jpg 	[in /Users/veritaris/Documents/Work/AppVelox/Resizer.py:183]
INFO     2020-06-30 02:17:47,652: User deleted image with id 98 	[in /Users/veritaris/Documents/Work/AppVelox/Resizer.py:224]
INFO     2020-06-30 02:17:47,659: User requested all images 	[in /Users/veritaris/Documents/Work/AppVelox/Resizer.py:190]
INFO     2020-06-30 02:17:47,669: User requested file c5cff59997324449abbabfc5dd445051_8855x2160.jpg 	[in /Users/veritaris/Documents/Work/AppVelox/Resizer.py:183]
INFO     2020-06-30 02:17:47,672: Uploaded file 68DgEMSF3NI.jpg 	[in /Users/veritaris/Documents/Work/AppVelox/Resizer.py:140]
INFO     2020-06-30 02:18:14,605: User deleted image with id 3 	[in /Users/veritaris/Documents/Work/AppVelox/Resizer.py:224]
INFO     2020-06-30 02:18:14,614: User requested all images 	[in /Users/veritaris/Documents/Work/AppVelox/Resizer.py:190]
INFO     2020-06-30 02:18:14,623: User requested file 46f7a918f69f421ea620fbaff810054f_2188x2652.jpg 	[in /Users/veritaris/Documents/Work/AppVelox/Resizer.py:183]
INFO     2020-06-30 02:18:20,085: User deleted image with id 26 	[in /Users/veritaris/Documents/Work/AppVelox/Resizer.py:224]
INFO     2020-06-30 02:18:20,093: User requested all images 	[in /Users/veritaris/Documents/Work/AppVelox/Resizer.py:190]
INFO     2020-06-30 02:18:20,103: User requested file 5dff3703dc354f46b4c7f47477f1044d_199x4622.jpg 	[in /Users/veritaris/Documents/Work/AppVelox/Resizer.py:183]
INFO     2020-06-30 02:18:28,043: User requested all images 	[in /Users/veritaris/Documents/Work/AppVelox/Resizer.py:190]
INFO     2020-06-30 02:18:28,054: User requested file e2cd9095d1844245b818260a91115ff7_2816x7990.jpg 	[in /Users/veritaris/Documents/Work/AppVelox/Resizer.py:183]
INFO     2020-06-30 02:18:28,088: Uploaded file ysd3nIHpLHg.jpg 	[in /Users/veritaris/Documents/Work/AppVelox/Resizer.py:140]
INFO     2020-06-30 02:18:28,507: Resized file ysd3nIHpLHg_2262x3758.jpg 	[in /Users/veritaris/Documents/Work/AppVelox/Resizer.py:171]
INFO     2020-06-30 02:19:00,618: User deleted image with id 55 	[in /Users/veritaris/Documents/Work/AppVelox/Resizer.py:224]
INFO     2020-06-30 02:19:00,626: User requested all images 	[in /Users/veritaris/Documents/Work/AppVelox/Resizer.py:190]
INFO     2020-06-30 02:19:00,637: User requested file aa31ebdb3ec447d4a9f5dc5bdb2172e1_4052x2450.jpg 	[in /Users/veritaris/Documents/Work/AppVelox/Resizer.py:183]
WARNING  2020-06-30 02:19:00,648: User tried to upload file, but didn't provide a file. 	[in /Users/veritaris/Documents/Work/AppVelox/Resizer.py:63]
INFO     2020-06-30 02:19:05,466: User deleted image with id 46 	[in /Users/veritaris/Documents/Work/AppVelox/Resizer.py:224]
INFO     2020-06-30 02:19:05,473: User requested all images 	[in /Users/veritaris/Documents/Work/AppVelox/Resizer.py:190]
INFO     2020-06-30 02:19:05,483: User requested file 6858e792f88c48efa52c577409aa2cad_7791x3689.jpg 	[in /Users/veritaris/Documents/Work/AppVelox/Resizer.py:183]
WARNING  2020-06-30 02:19:05,492: User tried to upload file, but didn't provide a file. 	[in /Users/veritaris/Documents/Work/AppVelox/Resizer.py:63]
INFO     2020-06-30 02:19:06,996: User deleted image with id 4 	[in /Users/veritaris/Documents/Work/AppVelox/Resizer.py:224]
INFO     2020-06-30 02:19:07,004: User requested all images 	[in /Users/veritaris/Documents/Work/AppVelox/Resizer.py:190]
INFO     2020-06-30 02:19:07,015: User requested file d77767b4bebf488e8c19de5461ac382b_3962x3049.jpg 	[in /Users/veritaris/Documents/Work/AppVelox/Resizer.py:183]
WARNING  2020-06-30 02:19:07,025: User tried to upload file, but didn't provide a file. 	[in /Users/veritaris/Documents/Work/AppVelox/Resizer.py:63]
